<?xml version="1.0" encoding="UTF-8"?>
<!-- Generated by org.testng.reporters.JUnitReportReporter -->
<testsuite skipped="0" hostname="WINDOWS-7C8U7SP" name="AppTest" tests="2" failures="0" timestamp="2019-12-03T12:54:30 IST" time="14.309" errors="0">
  <testcase name="getMethod" time="2.939" classname="AppTest"/>
  <testcase name="setKeys" time="11.370" classname="AppTest"/>
</testsuite> <!-- AppTest -->
